<?xml version="1.0" encoding="UTF-8"?>
<!-- Generated by org.testng.reporters.JUnitXMLReporter -->
<testsuite hostname="DESKTOP-SI8EPIA" ignored="0" name="Default test" tests="13" failures="0" timestamp="19 Dec 2020 17:37:13 GMT" time="48.981" errors="0">
  <testcase name="selectFight" time="3.127" classname="com.moolya.cleartrip.TestSuite"/>
  <testcase name="selectOneWay" time="0.15" classname="com.moolya.cleartrip.TestSuite"/>
  <testcase name="selectCities" time="0.411" classname="com.moolya.cleartrip.TestSuite"/>
  <testcase name="selectDate" time="0.156" classname="com.moolya.cleartrip.TestSuite"/>
  <testcase name="selectPassengers" time="0.291" classname="com.moolya.cleartrip.TestSuite"/>
  <testcase name="searchFlights" time="0.11" classname="com.moolya.cleartrip.TestSuite"/>
  <testcase name="nonStop" time="11.038" classname="com.moolya.cleartrip.TestSuite"/>
  <testcase name="priceRange" time="0.491" classname="com.moolya.cleartrip.TestSuite"/>
  <testcase name="uncheckBox" time="0.203" classname="com.moolya.cleartrip.TestSuite"/>
  <testcase name="book" time="0.222" classname="com.moolya.cleartrip.TestSuite"/>
  <testcase name="contactDetails" time="11.183" classname="com.moolya.cleartrip.TestSuite"/>
  <testcase name="details" time="0.984" classname="com.moolya.cleartrip.TestSuite"/>
  <testcase name="travellerDetails" time="6.382" classname="com.moolya.cleartrip.TestSuite"/>
</testsuite> <!-- Default test -->
