<?xml version="1.0" encoding="UTF-8"?>
<!-- Generated by org.testng.reporters.JUnitXMLReporter -->
<testsuite hostname="DESKTOP-SI8EPIA" ignored="0" name="Default test" tests="13" failures="0" timestamp="20 Dec 2020 07:54:50 GMT" time="53.525" errors="0">
  <testcase name="selectFight" time="4.585" classname="com.moolya.cleartrip.TestSuite"/>
  <testcase name="selectOneWay" time="0.125" classname="com.moolya.cleartrip.TestSuite"/>
  <testcase name="selectCities" time="0.42" classname="com.moolya.cleartrip.TestSuite"/>
  <testcase name="selectDate" time="0.138" classname="com.moolya.cleartrip.TestSuite"/>
  <testcase name="selectPassengers" time="0.233" classname="com.moolya.cleartrip.TestSuite"/>
  <testcase name="searchFlights" time="0.096" classname="com.moolya.cleartrip.TestSuite"/>
  <testcase name="nonStop" time="13.821" classname="com.moolya.cleartrip.TestSuite"/>
  <testcase name="priceRange" time="0.532" classname="com.moolya.cleartrip.TestSuite"/>
  <testcase name="uncheckBox" time="0.154" classname="com.moolya.cleartrip.TestSuite"/>
  <testcase name="book" time="0.215" classname="com.moolya.cleartrip.TestSuite"/>
  <testcase name="contactDetails" time="12.712" classname="com.moolya.cleartrip.TestSuite"/>
  <testcase name="details" time="1.157" classname="com.moolya.cleartrip.TestSuite"/>
  <testcase name="travellerDetails" time="4.08" classname="com.moolya.cleartrip.TestSuite"/>
</testsuite> <!-- Default test -->
